[ADMIN] [9/6/2016 15:20] [PENJUALAN] CASHIER FORM : MULTIPLE CASHIER INSTANCE [1]
[ADMIN] [9/6/2016 15:20] [PENJUALAN] CASHIER FORM : REGISTER HOTKEY
[ADMIN] [9/6/2016 15:20] [PENJUALAN] CASHIER FORM : cashierForm_Load, ATTEMPT TO LOAD NO FAKTUR
[ADMIN] [9/6/2016 15:20] [PENJUALAN] CASHIER FORM : loadNoFaktur, noFakturValue [SLO001]
[ADMIN] [9/6/2016 15:20] [PENJUALAN] CASHIER FORM : cashierForm_Load, ATTEMPT TO addColumnToDataGrid
[ADMIN] [9/6/2016 15:20] [PENJUALAN] CASHIER FORM : UPDATE ROW NUMBER, TOTAL ROW [1]
[ADMIN] [9/6/2016 15:20] [PENJUALAN] CASHIER FORM : calculateTotal
[ADMIN] [9/6/2016 15:20] [PENJUALAN] CASHIER FORM : calculateTotal [0]
[ADMIN] [9/6/2016 15:20] [PENJUALAN] CASHIER FORM : calculateTotal, totalAfterDisc [0]
[ADMIN] [9/6/2016 15:20] [PENJUALAN] CASHIER FORM : calculateChangeValue, bayarTextBox.Text [0]
[ADMIN] [9/6/2016 15:20] [PENJUALAN] CASHIER FORM : calculateChangeValue, sisaBayar [0]
[ADMIN] [9/6/2016 15:20] [PENJUALAN] CASHIER FORM : REGISTER HOTKEY
[ADMIN] [9/6/2016 15:20] [PENJUALAN] CASHIER FORM : Combobox_previewKeyDown, cashierDataGridView.CurrentCell.OwningColumn.Name  [productID]
[ADMIN] [9/6/2016 15:20] [PENJUALAN] CASHIER FORM : UPDATE ROW NUMBER, TOTAL ROW [2]
[ADMIN] [9/6/2016 15:20] [PENJUALAN] CASHIER FORM : Combobox_previewKeyDown, cashierDataGridView.CurrentCell.OwningColumn.Name  [productID]
[ADMIN] [9/6/2016 15:20] [PENJUALAN] CASHIER FORM : Combobox_previewKeyDown, cashierDataGridView.CurrentCell.OwningColumn.Name  [productID]
[ADMIN] [9/6/2016 15:20] [PENJUALAN] CASHIER FORM : Combobox_previewKeyDown, cashierDataGridView.CurrentCell.OwningColumn.Name  [productID]
[ADMIN] [9/6/2016 15:20] [PENJUALAN] CASHIER FORM : Combobox_previewKeyDown, cashierDataGridView.CurrentCell.OwningColumn.Name  [productID]
[ADMIN] [9/6/2016 15:20] [PENJUALAN] CASHIER FORM : Combobox_previewKeyDown, cashierDataGridView.CurrentCell.OwningColumn.Name  [productID]
[ADMIN] [9/6/2016 15:20] [PENJUALAN] CASHIER FORM : Combobox_previewKeyDown, cashierDataGridView.CurrentCell.OwningColumn.Name  [productID]
[ADMIN] [9/6/2016 15:20] [PENJUALAN] CASHIER FORM : Combobox_previewKeyDown, cashierDataGridView.CurrentCell.OwningColumn.Name  [productID]
[ADMIN] [9/6/2016 15:20] [PENJUALAN] CASHIER FORM : updateSomeRowContents
[ADMIN] [9/6/2016 15:20] [PENJUALAN] CASHIER FORM : PRODUCT PRICE TYPE [PRODUCT_BASE_PRICE]
[ADMIN] [9/6/2016 15:20] [PENJUALAN] CASHIER FORM : PRODUCT PRICE [26625]
[ADMIN] [9/6/2016 15:20] [PENJUALAN] CASHIER FORM : ComboBox_SelectedIndexChanged, PRODUCT_BASE_PRICE [26625]
[ADMIN] [9/6/2016 15:20] [PENJUALAN] CASHIER FORM : PRODUCT PRICE TYPE [PRODUCT_RETAIL_PRICE]
[ADMIN] [9/6/2016 15:20] [PENJUALAN] CASHIER FORM : PRODUCT PRICE [34000]
[ADMIN] [9/6/2016 15:20] [PENJUALAN] CASHIER FORM : ComboBox_SelectedIndexChanged, PRODUCT_SALES_PRICE [34000]
[ADMIN] [9/6/2016 15:20] [PENJUALAN] CASHIER FORM : calculateTotal
[ADMIN] [9/6/2016 15:20] [PENJUALAN] CASHIER FORM : calculateTotal [0]
[ADMIN] [9/6/2016 15:20] [PENJUALAN] CASHIER FORM : calculateTotal, totalAfterDisc [0]
[ADMIN] [9/6/2016 15:20] [PENJUALAN] CASHIER FORM : calculateChangeValue, bayarTextBox.Text [0]
[ADMIN] [9/6/2016 15:20] [PENJUALAN] CASHIER FORM : calculateChangeValue, sisaBayar [0]
[ADMIN] [9/6/2016 15:20] [PENJUALAN] CASHIER FORM : UNREGISTER HOTKEY
[ADMIN] [9/6/2016 15:20] [PENJUALAN] CASHIER FORM : REGISTER HOTKEY
[ADMIN] [9/6/2016 15:20] [PENJUALAN] CASHIER FORM : UNREGISTER HOTKEY
[ADMIN] [9/6/2016 15:20] [PENJUALAN] CASHIER FORM : REGISTER HOTKEY
[ADMIN] [9/6/2016 15:20] [PENJUALAN] CASHIER FORM : UNREGISTER HOTKEY
[ADMIN] [9/6/2016 15:20] [PENJUALAN] CASHIER FORM : REGISTER HOTKEY
[ADMIN] [9/6/2016 15:21] [PENJUALAN] CASHIER FORM : QTY_textBox_TextChanged
[ADMIN] [9/6/2016 15:21] [PENJUALAN] CASHIER FORM : QTY_textBox_TextChanged
[ADMIN] [9/6/2016 15:21] [PENJUALAN] CASHIER FORM : QTY_textBox_TextChanged
[ADMIN] [9/6/2016 15:21] [PENJUALAN] CASHIER FORM : UNREGISTER HOTKEY
[ADMIN] [9/6/2016 15:21] [PENJUALAN] CASHIER FORM : REGISTER HOTKEY
[ADMIN] [9/6/2016 15:21] [PENJUALAN] CASHIER FORM : UNREGISTER HOTKEY
[ADMIN] [9/6/2016 15:21] [PENJUALAN] CASHIER FORM : UNREGISTER HOTKEY
[ADMIN] [9/6/2016 15:21] [] USER ID = 1LOGOUT
