[] [9/6/2016 15:47] [] USER = ADMIN IS ACTIVE
[ADMIN] [9/6/2016 15:47] [] USER ID = 1 LOGIN SUCCESSFULLY
[ADMIN] [9/6/2016 15:47] [] ACTIVATE USER ACCESS RIGHT
[ADMIN] [9/6/2016 15:47] [] DISPLAY ADMIN FORM
[ADMIN] [9/6/2016 15:47] [] adminForm Load
[ADMIN] [9/6/2016 15:47] [] ACTIVATE USER ACCESS RIGHT
[ADMIN] [9/6/2016 15:47] [PENJUALAN] CASHIER FORM : MULTIPLE CASHIER INSTANCE [1]
[ADMIN] [9/6/2016 15:47] [PENJUALAN] CASHIER FORM : REGISTER HOTKEY
[ADMIN] [9/6/2016 15:47] [PENJUALAN] CASHIER FORM : cashierForm_Load, ATTEMPT TO LOAD NO FAKTUR
[ADMIN] [9/6/2016 15:47] [PENJUALAN] CASHIER FORM : loadNoFaktur, noFakturValue [SLO001]
[ADMIN] [9/6/2016 15:47] [PENJUALAN] CASHIER FORM : cashierForm_Load, ATTEMPT TO addColumnToDataGrid
[ADMIN] [9/6/2016 15:47] [PENJUALAN] CASHIER FORM : UPDATE ROW NUMBER, TOTAL ROW [1]
[ADMIN] [9/6/2016 15:47] [PENJUALAN] CASHIER FORM : cashierDataGridView_CellValueChanged
[ADMIN] [9/6/2016 15:47] [PENJUALAN] CASHIER FORM : calculateTotal
[ADMIN] [9/6/2016 15:47] [PENJUALAN] CASHIER FORM : calculateTotal [0]
[ADMIN] [9/6/2016 15:47] [PENJUALAN] CASHIER FORM : calculateTotal, totalAfterDisc [0]
[ADMIN] [9/6/2016 15:47] [PENJUALAN] CASHIER FORM : calculateChangeValue, bayarTextBox.Text [0]
[ADMIN] [9/6/2016 15:47] [PENJUALAN] CASHIER FORM : calculateChangeValue, sisaBayar [0]
[ADMIN] [9/6/2016 15:47] [PENJUALAN] CASHIER FORM : REGISTER HOTKEY
[ADMIN] [9/6/2016 15:47] [PENJUALAN] CASHIER FORM : Combobox_KeyUp, cashierDataGridView.CurrentCell.OwningColumn.Name  [productID]
[ADMIN] [9/6/2016 15:47] [PENJUALAN] CASHIER FORM : Combobox_previewKeyDown, cashierDataGridView.CurrentCell.OwningColumn.Name  [productID]
[ADMIN] [9/6/2016 15:47] [PENJUALAN] CASHIER FORM : UNREGISTER HOTKEY
[ADMIN] [9/6/2016 15:47] [PENJUALAN] CASHIER FORM : REGISTER HOTKEY
[ADMIN] [9/6/2016 15:47] [PENJUALAN] CASHIER FORM : Combobox_KeyUp, cashierDataGridView.CurrentCell.OwningColumn.Name  [productID]
[ADMIN] [9/6/2016 15:47] [PENJUALAN] CASHIER FORM : Combobox_previewKeyDown, cashierDataGridView.CurrentCell.OwningColumn.Name  [productID]
[ADMIN] [9/6/2016 15:47] [PENJUALAN] CASHIER FORM : UNREGISTER HOTKEY
[ADMIN] [9/6/2016 15:47] [PENJUALAN] CASHIER FORM : REGISTER HOTKEY
[ADMIN] [9/6/2016 15:47] [PENJUALAN] CASHIER FORM : Combobox_KeyUp, cashierDataGridView.CurrentCell.OwningColumn.Name  [productID]
[ADMIN] [9/6/2016 15:47] [PENJUALAN] CASHIER FORM : Combobox_previewKeyDown, cashierDataGridView.CurrentCell.OwningColumn.Name  [productID]
[ADMIN] [9/6/2016 15:47] [PENJUALAN] CASHIER FORM : UPDATE ROW NUMBER, TOTAL ROW [2]
[ADMIN] [9/6/2016 15:47] [PENJUALAN] CASHIER FORM : cashierDataGridView_CellValueChanged
[ADMIN] [9/6/2016 15:47] [PENJUALAN] CASHIER FORM : Combobox_KeyUp, cashierDataGridView.CurrentCell.OwningColumn.Name  [productID]
[ADMIN] [9/6/2016 15:47] [PENJUALAN] CASHIER FORM : Combobox_previewKeyDown, cashierDataGridView.CurrentCell.OwningColumn.Name  [productID]
[ADMIN] [9/6/2016 15:47] [PENJUALAN] CASHIER FORM : Combobox_KeyUp, cashierDataGridView.CurrentCell.OwningColumn.Name  [productID]
[ADMIN] [9/6/2016 15:47] [PENJUALAN] CASHIER FORM : Combobox_previewKeyDown, cashierDataGridView.CurrentCell.OwningColumn.Name  [productID]
[ADMIN] [9/6/2016 15:47] [PENJUALAN] CASHIER FORM : Combobox_previewKeyDown, cashierDataGridView.CurrentCell.OwningColumn.Name  [productID]
[ADMIN] [9/6/2016 15:47] [PENJUALAN] CASHIER FORM : Combobox_KeyUp, cashierDataGridView.CurrentCell.OwningColumn.Name  [productID]
[ADMIN] [9/6/2016 15:47] [PENJUALAN] CASHIER FORM : Combobox_KeyUp, cashierDataGridView.CurrentCell.OwningColumn.Name  [productID]
[ADMIN] [9/6/2016 15:47] [PENJUALAN] CASHIER FORM : Combobox_previewKeyDown, cashierDataGridView.CurrentCell.OwningColumn.Name  [productID]
[ADMIN] [9/6/2016 15:47] [PENJUALAN] CASHIER FORM : Combobox_KeyUp, cashierDataGridView.CurrentCell.OwningColumn.Name  [productID]
[ADMIN] [9/6/2016 15:47] [PENJUALAN] CASHIER FORM : Combobox_previewKeyDown, cashierDataGridView.CurrentCell.OwningColumn.Name  [productID]
[ADMIN] [9/6/2016 15:47] [PENJUALAN] CASHIER FORM : Combobox_KeyUp, cashierDataGridView.CurrentCell.OwningColumn.Name  [productID]
[ADMIN] [9/6/2016 15:47] [PENJUALAN] CASHIER FORM : Combobox_previewKeyDown, cashierDataGridView.CurrentCell.OwningColumn.Name  [productID]
[ADMIN] [9/6/2016 15:47] [PENJUALAN] CASHIER FORM : Combobox_KeyUp, cashierDataGridView.CurrentCell.OwningColumn.Name  [productID]
[ADMIN] [9/6/2016 15:47] [PENJUALAN] CASHIER FORM : Combobox_previewKeyDown, cashierDataGridView.CurrentCell.OwningColumn.Name  [productID]
[ADMIN] [9/6/2016 15:47] [PENJUALAN] CASHIER FORM : UNREGISTER HOTKEY
[ADMIN] [9/6/2016 15:47] [PENJUALAN] CASHIER FORM : REGISTER HOTKEY
[ADMIN] [9/6/2016 15:47] [PENJUALAN] CASHIER FORM : Combobox_KeyUp, cashierDataGridView.CurrentCell.OwningColumn.Name  [productID]
[ADMIN] [9/6/2016 15:47] [PENJUALAN] CASHIER FORM : Combobox_previewKeyDown, cashierDataGridView.CurrentCell.OwningColumn.Name  [productID]
[ADMIN] [9/6/2016 15:47] [PENJUALAN] CASHIER FORM : UNREGISTER HOTKEY
[ADMIN] [9/6/2016 15:47] [PENJUALAN] CASHIER FORM : REGISTER HOTKEY
[ADMIN] [9/6/2016 15:47] [PENJUALAN] CASHIER FORM : Combobox_KeyUp, cashierDataGridView.CurrentCell.OwningColumn.Name  [productID]
[ADMIN] [9/6/2016 15:47] [PENJUALAN] CASHIER FORM : Combobox_previewKeyDown, cashierDataGridView.CurrentCell.OwningColumn.Name  [productID]
[ADMIN] [9/6/2016 15:47] [PENJUALAN] CASHIER FORM : updateSomeRowContents
[ADMIN] [9/6/2016 15:47] [PENJUALAN] CASHIER FORM : cashierDataGridView_CellValueChanged
[ADMIN] [9/6/2016 15:47] [PENJUALAN] CASHIER FORM : cashierDataGridView_CellValueChanged
[ADMIN] [9/6/2016 15:47] [PENJUALAN] CASHIER FORM : PRODUCT PRICE TYPE [PRODUCT_BASE_PRICE]
[ADMIN] [9/6/2016 15:47] [PENJUALAN] CASHIER FORM : PRODUCT PRICE [26625]
[ADMIN] [9/6/2016 15:47] [PENJUALAN] CASHIER FORM : ComboBox_SelectedIndexChanged, PRODUCT_BASE_PRICE [26625]
[ADMIN] [9/6/2016 15:47] [PENJUALAN] CASHIER FORM : cashierDataGridView_CellValueChanged
[ADMIN] [9/6/2016 15:47] [PENJUALAN] CASHIER FORM : PRODUCT PRICE TYPE [PRODUCT_RETAIL_PRICE]
[ADMIN] [9/6/2016 15:47] [PENJUALAN] CASHIER FORM : PRODUCT PRICE [34000]
[ADMIN] [9/6/2016 15:47] [PENJUALAN] CASHIER FORM : ComboBox_SelectedIndexChanged, PRODUCT_SALES_PRICE [34000]
[ADMIN] [9/6/2016 15:47] [PENJUALAN] CASHIER FORM : cashierDataGridView_CellValueChanged
[ADMIN] [9/6/2016 15:47] [PENJUALAN] CASHIER FORM : cashierDataGridView_CellValueChanged
[ADMIN] [9/6/2016 15:47] [PENJUALAN] CASHIER FORM : cashierDataGridView_CellValueChanged
[ADMIN] [9/6/2016 15:47] [PENJUALAN] CASHIER FORM : calculateTotal
[ADMIN] [9/6/2016 15:47] [PENJUALAN] CASHIER FORM : calculateTotal [0]
[ADMIN] [9/6/2016 15:47] [PENJUALAN] CASHIER FORM : calculateTotal, totalAfterDisc [0]
[ADMIN] [9/6/2016 15:47] [PENJUALAN] CASHIER FORM : calculateChangeValue, bayarTextBox.Text [0]
[ADMIN] [9/6/2016 15:47] [PENJUALAN] CASHIER FORM : calculateChangeValue, sisaBayar [0]
[ADMIN] [9/6/2016 15:47] [PENJUALAN] CASHIER FORM : TextBox_TextChanged, isLoading [False]
[ADMIN] [9/6/2016 15:47] [PENJUALAN] CASHIER FORM : TextBox_TextChanged, rowSelectedIndex [1]
[ADMIN] [9/6/2016 15:47] [PENJUALAN] CASHIER FORM : TextBox_TextChanged, empty texbox, reset [qty] value to 0
[ADMIN] [9/6/2016 15:47] [PENJUALAN] CASHIER FORM : cashierDataGridView_CellValueChanged
[ADMIN] [9/6/2016 15:47] [PENJUALAN] CASHIER FORM : TextBox_TextChanged, isLoading [True]
[ADMIN] [9/6/2016 15:47] [PENJUALAN] CASHIER FORM : TextBox_TextChanged, recalculate total value
[ADMIN] [9/6/2016 15:47] [PENJUALAN] CASHIER FORM : calculateTotal
[ADMIN] [9/6/2016 15:47] [PENJUALAN] CASHIER FORM : calculateTotal [0]
[ADMIN] [9/6/2016 15:47] [PENJUALAN] CASHIER FORM : calculateTotal, totalAfterDisc [0]
[ADMIN] [9/6/2016 15:47] [PENJUALAN] CASHIER FORM : calculateChangeValue, bayarTextBox.Text [0]
[ADMIN] [9/6/2016 15:47] [PENJUALAN] CASHIER FORM : calculateChangeValue, sisaBayar [0]
[ADMIN] [9/6/2016 15:47] [PENJUALAN] CASHIER FORM : TextBox_TextChanged, set the cursor to end of textbox
[ADMIN] [9/6/2016 15:47] [PENJUALAN] CASHIER FORM : Combobox_KeyUp, cashierDataGridView.CurrentCell.OwningColumn.Name  [qty]
[ADMIN] [9/6/2016 15:47] [PENJUALAN] CASHIER FORM : UNREGISTER HOTKEY
[ADMIN] [9/6/2016 15:47] [PENJUALAN] CASHIER FORM : REGISTER HOTKEY
[ADMIN] [9/6/2016 15:47] [PENJUALAN] CASHIER FORM : Combobox_KeyUp, cashierDataGridView.CurrentCell.OwningColumn.Name  [qty]
[ADMIN] [9/6/2016 15:47] [PENJUALAN] CASHIER FORM : UNREGISTER HOTKEY
[ADMIN] [9/6/2016 15:47] [PENJUALAN] CASHIER FORM : REGISTER HOTKEY
[ADMIN] [9/6/2016 15:47] [PENJUALAN] CASHIER FORM : Combobox_KeyUp, cashierDataGridView.CurrentCell.OwningColumn.Name  [qty]
[ADMIN] [9/6/2016 15:47] [PENJUALAN] CASHIER FORM : TextBox_TextChanged, isLoading [False]
[ADMIN] [9/6/2016 15:47] [PENJUALAN] CASHIER FORM : TextBox_TextChanged, rowSelectedIndex [0]
[ADMIN] [9/6/2016 15:47] [PENJUALAN] CASHIER FORM : TextBox_TextChanged, previousInput [0]
[ADMIN] [9/6/2016 15:47] [PENJUALAN] CASHIER FORM : TextBox_TextChanged, dataGridViewTextBoxEditingControl.Text [1]
[ADMIN] [9/6/2016 15:47] [PENJUALAN] CASHIER FORM : TextBox_TextChanged, dataGridViewTextBoxEditingControl.Text pass REGEX Checking
[ADMIN] [9/6/2016 15:47] [PENJUALAN] CASHIER FORM : CHECK STOCK QTY IS ENOUGH [ALPO-P1]
[ADMIN] [9/6/2016 15:47] [PENJUALAN] CASHIER FORM : CHECK STOCK QTY IS ENOUGH [9954, 1]
[ADMIN] [9/6/2016 15:47] [PENJUALAN] CASHIER FORM : CALCULATE SUBTOTAL
[ADMIN] [9/6/2016 15:47] [PENJUALAN] CASHIER FORM : SUBTOTAL [34000]
[ADMIN] [9/6/2016 15:47] [PENJUALAN] CASHIER FORM : TextBox_TextChanged, subtotal value [34000]
[ADMIN] [9/6/2016 15:47] [PENJUALAN] CASHIER FORM : cashierDataGridView_CellValueChanged
[ADMIN] [9/6/2016 15:47] [PENJUALAN] CASHIER FORM : TextBox_TextChanged, attempt to calculate total value
[ADMIN] [9/6/2016 15:47] [PENJUALAN] CASHIER FORM : calculateTotal
[ADMIN] [9/6/2016 15:47] [PENJUALAN] CASHIER FORM : calculateTotal [34000]
[ADMIN] [9/6/2016 15:47] [PENJUALAN] CASHIER FORM : calculateTotal, totalAfterDisc [34000]
[ADMIN] [9/6/2016 15:47] [PENJUALAN] CASHIER FORM : calculateChangeValue, bayarTextBox.Text [0]
[ADMIN] [9/6/2016 15:47] [PENJUALAN] CASHIER FORM : calculateChangeValue, sisaBayar [0]
[ADMIN] [9/6/2016 15:47] [PENJUALAN] CASHIER FORM : TextBox_TextChanged, isLoading [False]
[ADMIN] [9/6/2016 15:47] [PENJUALAN] CASHIER FORM : TextBox_TextChanged, rowSelectedIndex [0]
[ADMIN] [9/6/2016 15:47] [PENJUALAN] CASHIER FORM : TextBox_TextChanged, previousInput [1]
[ADMIN] [9/6/2016 15:47] [PENJUALAN] CASHIER FORM : TextBox_TextChanged, isLoading [False]
[ADMIN] [9/6/2016 15:47] [PENJUALAN] CASHIER FORM : TextBox_TextChanged, rowSelectedIndex [0]
[ADMIN] [9/6/2016 15:47] [PENJUALAN] CASHIER FORM : TextBox_TextChanged, previousInput [1]
[ADMIN] [9/6/2016 15:47] [PENJUALAN] CASHIER FORM : Combobox_KeyUp, cashierDataGridView.CurrentCell.OwningColumn.Name  [qty]
[ADMIN] [9/6/2016 15:47] [PENJUALAN] CASHIER FORM : UNREGISTER HOTKEY
[ADMIN] [9/6/2016 15:47] [PENJUALAN] CASHIER FORM : REGISTER HOTKEY
[ADMIN] [9/6/2016 15:47] [PENJUALAN] CASHIER FORM : Combobox_KeyUp, cashierDataGridView.CurrentCell.OwningColumn.Name  [qty]
[ADMIN] [9/6/2016 15:47] [PENJUALAN] CASHIER FORM : UNREGISTER HOTKEY
[ADMIN] [9/6/2016 15:50] [PENJUALAN] CASHIER FORM : REGISTER HOTKEY
[ADMIN] [9/6/2016 15:50] [PENJUALAN] CASHIER FORM : UNREGISTER HOTKEY
[ADMIN] [9/6/2016 15:50] [PENJUALAN] CASHIER FORM : UNREGISTER HOTKEY
[ADMIN] [9/6/2016 15:50] [] USER ID = 1LOGOUT
